<?xml version="1.0" encoding="UTF-8"?>
<testsuite name="com.bridgelabz.mockitoTest.MockitoTest" tests="1" skipped="0" failures="0" errors="0" timestamp="2020-04-14T18:18:41" hostname="rajchaudhari-HP-Notebook" time="0.166">
  <properties/>
  <testcase name="testQuery" classname="com.bridgelabz.mockitoTest.MockitoTest" time="0.166"/>
  <system-out><![CDATA[]]></system-out>
  <system-err><![CDATA[]]></system-err>
</testsuite>
